2023-04-08 14:27:08,394 INFO org.springframework.boot.StartupInfoLogger [main] Starting ChoatPlanServiceApplication using Java 1.8.0_321 on DESKTOP-QEIBFNK with PID 19312 (F:\GitCode\choat-plan-service\target\classes started by choat in F:\GitCode\choat-plan-service)
2023-04-08 14:27:08,410 INFO org.springframework.boot.SpringApplication [main] No active profile set, falling back to 1 default profile: "default"
2023-04-08 14:27:09,258 INFO org.springframework.data.repository.config.RepositoryConfigurationDelegate [main] Multiple Spring Data modules found, entering strict repository configuration mode!
2023-04-08 14:27:09,261 INFO org.springframework.data.repository.config.RepositoryConfigurationDelegate [main] Bootstrapping Spring Data Redis repositories in DEFAULT mode.
2023-04-08 14:27:09,283 INFO org.springframework.data.repository.config.RepositoryConfigurationDelegate [main] Finished Spring Data repository scanning in 9 ms. Found 0 Redis repository interfaces.
2023-04-08 14:27:09,537 INFO org.springframework.cloud.context.scope.GenericScope [main] BeanFactory id=eb2562fa-e5fb-335e-8a8b-f60a3a6bc059
2023-04-08 14:27:09,977 INFO org.springframework.boot.web.embedded.tomcat.TomcatWebServer [main] Tomcat initialized with port(s): 60001 (http)
2023-04-08 14:27:09,985 INFO org.apache.juli.logging.DirectJDKLog [main] Initializing ProtocolHandler ["http-nio-60001"]
2023-04-08 14:27:09,986 INFO org.apache.juli.logging.DirectJDKLog [main] Starting service [Tomcat]
2023-04-08 14:27:09,986 INFO org.apache.juli.logging.DirectJDKLog [main] Starting Servlet engine: [Apache Tomcat/9.0.62]
2023-04-08 14:27:10,146 INFO org.apache.juli.logging.DirectJDKLog [main] Initializing Spring embedded WebApplicationContext
2023-04-08 14:27:10,147 INFO org.springframework.boot.web.servlet.context.ServletWebServerApplicationContext [main] Root WebApplicationContext: initialization completed in 1705 ms
2023-04-08 14:27:10,404 INFO org.apache.juli.logging.DirectJDKLog [main] Stopping service [Tomcat]
2023-04-08 14:27:10,445 INFO org.springframework.boot.autoconfigure.logging.ConditionEvaluationReportLoggingListener [main] 

Error starting ApplicationContext. To display the conditions report re-run your application with 'debug' enabled.
2023-04-08 14:47:21,633 INFO org.springframework.boot.StartupInfoLogger [main] Starting ChoatPlanServiceApplication using Java 1.8.0_321 on DESKTOP-QEIBFNK with PID 12448 (F:\GitCode\choat-plan-service\target\classes started by choat in F:\GitCode\choat-plan-service)
2023-04-08 14:47:21,640 INFO org.springframework.boot.SpringApplication [main] No active profile set, falling back to 1 default profile: "default"
2023-04-08 14:47:22,396 INFO org.springframework.data.repository.config.RepositoryConfigurationDelegate [main] Multiple Spring Data modules found, entering strict repository configuration mode!
2023-04-08 14:47:22,398 INFO org.springframework.data.repository.config.RepositoryConfigurationDelegate [main] Bootstrapping Spring Data Redis repositories in DEFAULT mode.
2023-04-08 14:47:22,415 INFO org.springframework.data.repository.config.RepositoryConfigurationDelegate [main] Finished Spring Data repository scanning in 7 ms. Found 0 Redis repository interfaces.
2023-04-08 14:47:22,653 INFO org.springframework.cloud.context.scope.GenericScope [main] BeanFactory id=eb2562fa-e5fb-335e-8a8b-f60a3a6bc059
2023-04-08 14:47:23,072 INFO org.springframework.boot.web.embedded.tomcat.TomcatWebServer [main] Tomcat initialized with port(s): 60001 (http)
2023-04-08 14:47:23,079 INFO org.apache.juli.logging.DirectJDKLog [main] Initializing ProtocolHandler ["http-nio-60001"]
2023-04-08 14:47:23,080 INFO org.apache.juli.logging.DirectJDKLog [main] Starting service [Tomcat]
2023-04-08 14:47:23,080 INFO org.apache.juli.logging.DirectJDKLog [main] Starting Servlet engine: [Apache Tomcat/9.0.62]
2023-04-08 14:47:23,242 INFO org.apache.juli.logging.DirectJDKLog [main] Initializing Spring embedded WebApplicationContext
2023-04-08 14:47:23,242 INFO org.springframework.boot.web.servlet.context.ServletWebServerApplicationContext [main] Root WebApplicationContext: initialization completed in 1571 ms
2023-04-08 14:47:23,492 INFO org.apache.juli.logging.DirectJDKLog [main] Stopping service [Tomcat]
2023-04-08 14:47:23,532 INFO org.springframework.boot.autoconfigure.logging.ConditionEvaluationReportLoggingListener [main] 

Error starting ApplicationContext. To display the conditions report re-run your application with 'debug' enabled.
2023-04-08 14:48:55,917 INFO org.springframework.boot.StartupInfoLogger [main] Starting ChoatPlanServiceApplication using Java 1.8.0_321 on DESKTOP-QEIBFNK with PID 12992 (F:\GitCode\choat-plan-service\target\classes started by choat in F:\GitCode\choat-plan-service)
2023-04-08 14:48:55,924 INFO org.springframework.boot.SpringApplication [main] No active profile set, falling back to 1 default profile: "default"
2023-04-08 14:48:56,691 INFO org.springframework.data.repository.config.RepositoryConfigurationDelegate [main] Multiple Spring Data modules found, entering strict repository configuration mode!
2023-04-08 14:48:56,693 INFO org.springframework.data.repository.config.RepositoryConfigurationDelegate [main] Bootstrapping Spring Data Redis repositories in DEFAULT mode.
2023-04-08 14:48:56,710 INFO org.springframework.data.repository.config.RepositoryConfigurationDelegate [main] Finished Spring Data repository scanning in 7 ms. Found 0 Redis repository interfaces.
2023-04-08 14:48:56,955 INFO org.springframework.cloud.context.scope.GenericScope [main] BeanFactory id=eb2562fa-e5fb-335e-8a8b-f60a3a6bc059
2023-04-08 14:48:57,369 INFO org.springframework.boot.web.embedded.tomcat.TomcatWebServer [main] Tomcat initialized with port(s): 60001 (http)
2023-04-08 14:48:57,377 INFO org.apache.juli.logging.DirectJDKLog [main] Initializing ProtocolHandler ["http-nio-60001"]
2023-04-08 14:48:57,377 INFO org.apache.juli.logging.DirectJDKLog [main] Starting service [Tomcat]
2023-04-08 14:48:57,377 INFO org.apache.juli.logging.DirectJDKLog [main] Starting Servlet engine: [Apache Tomcat/9.0.62]
2023-04-08 14:48:57,538 INFO org.apache.juli.logging.DirectJDKLog [main] Initializing Spring embedded WebApplicationContext
2023-04-08 14:48:57,539 INFO org.springframework.boot.web.servlet.context.ServletWebServerApplicationContext [main] Root WebApplicationContext: initialization completed in 1583 ms
2023-04-08 14:48:59,533 INFO org.springframework.security.web.DefaultSecurityFilterChain [main] Will secure any request with [org.springframework.security.web.context.request.async.WebAsyncManagerIntegrationFilter@261609a7, org.springframework.security.web.context.SecurityContextPersistenceFilter@682fe17b, org.springframework.security.web.header.HeaderWriterFilter@1368e2f7, org.springframework.security.web.csrf.CsrfFilter@1ba3c03d, org.springframework.security.web.authentication.logout.LogoutFilter@462b239f, org.springframework.security.web.authentication.www.BasicAuthenticationFilter@3fecb076, org.springframework.security.web.savedrequest.RequestCacheAwareFilter@418bdde9, org.springframework.security.web.servletapi.SecurityContextHolderAwareRequestFilter@13e0f380, org.springframework.security.web.authentication.AnonymousAuthenticationFilter@39296cef, org.springframework.security.web.session.SessionManagementFilter@857f1a7, org.springframework.security.web.access.ExceptionTranslationFilter@1a4ae53d, org.springframework.security.web.access.intercept.FilterSecurityInterceptor@729c8def]
2023-04-08 14:49:01,678 INFO com.alibaba.druid.pool.DruidDataSource [main] {dataSource-0} closing ...
2023-04-08 14:49:01,678 INFO com.alibaba.druid.pool.DruidDataSource [main] {dataSource-0} closing ...
2023-04-08 14:49:01,682 INFO org.apache.juli.logging.DirectJDKLog [main] Stopping service [Tomcat]
2023-04-08 14:49:01,704 INFO org.springframework.boot.autoconfigure.logging.ConditionEvaluationReportLoggingListener [main] 

Error starting ApplicationContext. To display the conditions report re-run your application with 'debug' enabled.
2023-04-08 14:51:50,414 INFO org.springframework.boot.StartupInfoLogger [main] Starting ChoatPlanServiceApplication using Java 1.8.0_321 on DESKTOP-QEIBFNK with PID 16084 (F:\GitCode\choat-plan-service\target\classes started by choat in F:\GitCode\choat-plan-service)
2023-04-08 14:51:50,421 INFO org.springframework.boot.SpringApplication [main] No active profile set, falling back to 1 default profile: "default"
2023-04-08 14:51:51,194 INFO org.springframework.data.repository.config.RepositoryConfigurationDelegate [main] Multiple Spring Data modules found, entering strict repository configuration mode!
2023-04-08 14:51:51,196 INFO org.springframework.data.repository.config.RepositoryConfigurationDelegate [main] Bootstrapping Spring Data Redis repositories in DEFAULT mode.
2023-04-08 14:51:51,213 INFO org.springframework.data.repository.config.RepositoryConfigurationDelegate [main] Finished Spring Data repository scanning in 7 ms. Found 0 Redis repository interfaces.
2023-04-08 14:51:51,452 INFO org.springframework.cloud.context.scope.GenericScope [main] BeanFactory id=eb2562fa-e5fb-335e-8a8b-f60a3a6bc059
2023-04-08 14:51:51,850 INFO org.springframework.boot.web.embedded.tomcat.TomcatWebServer [main] Tomcat initialized with port(s): 60001 (http)
2023-04-08 14:51:51,858 INFO org.apache.juli.logging.DirectJDKLog [main] Initializing ProtocolHandler ["http-nio-60001"]
2023-04-08 14:51:51,858 INFO org.apache.juli.logging.DirectJDKLog [main] Starting service [Tomcat]
2023-04-08 14:51:51,858 INFO org.apache.juli.logging.DirectJDKLog [main] Starting Servlet engine: [Apache Tomcat/9.0.62]
2023-04-08 14:51:52,019 INFO org.apache.juli.logging.DirectJDKLog [main] Initializing Spring embedded WebApplicationContext
2023-04-08 14:51:52,020 INFO org.springframework.boot.web.servlet.context.ServletWebServerApplicationContext [main] Root WebApplicationContext: initialization completed in 1567 ms
2023-04-08 14:51:54,134 INFO org.springframework.security.web.DefaultSecurityFilterChain [main] Will secure any request with [org.springframework.security.web.context.request.async.WebAsyncManagerIntegrationFilter@27605b87, org.springframework.security.web.context.SecurityContextPersistenceFilter@4e67e090, org.springframework.security.web.header.HeaderWriterFilter@185b7cc6, org.springframework.security.web.csrf.CsrfFilter@35fac3ba, org.springframework.security.web.authentication.logout.LogoutFilter@4a7e469d, org.springframework.security.web.authentication.www.BasicAuthenticationFilter@3321fb65, org.springframework.security.web.savedrequest.RequestCacheAwareFilter@361483eb, org.springframework.security.web.servletapi.SecurityContextHolderAwareRequestFilter@14983265, org.springframework.security.web.authentication.AnonymousAuthenticationFilter@1fc4483f, org.springframework.security.web.session.SessionManagementFilter@bb38c49, org.springframework.security.web.access.ExceptionTranslationFilter@7d0333c8, org.springframework.security.web.access.intercept.FilterSecurityInterceptor@7f2542f]
2023-04-08 14:51:56,409 INFO com.alibaba.druid.pool.DruidDataSource [main] {dataSource-0} closing ...
2023-04-08 14:51:56,409 INFO com.alibaba.druid.pool.DruidDataSource [main] {dataSource-0} closing ...
2023-04-08 14:51:56,413 INFO org.apache.juli.logging.DirectJDKLog [main] Stopping service [Tomcat]
2023-04-08 14:51:56,436 INFO org.springframework.boot.autoconfigure.logging.ConditionEvaluationReportLoggingListener [main] 

Error starting ApplicationContext. To display the conditions report re-run your application with 'debug' enabled.
2023-04-08 14:59:57,910 INFO org.springframework.boot.StartupInfoLogger [main] Starting ChoatPlanServiceApplication using Java 1.8.0_321 on DESKTOP-QEIBFNK with PID 21140 (F:\GitCode\choat-plan-service\target\classes started by choat in F:\GitCode\choat-plan-service)
2023-04-08 14:59:57,917 INFO org.springframework.boot.SpringApplication [main] No active profile set, falling back to 1 default profile: "default"
2023-04-08 14:59:58,698 INFO org.springframework.data.repository.config.RepositoryConfigurationDelegate [main] Multiple Spring Data modules found, entering strict repository configuration mode!
2023-04-08 14:59:58,700 INFO org.springframework.data.repository.config.RepositoryConfigurationDelegate [main] Bootstrapping Spring Data Redis repositories in DEFAULT mode.
2023-04-08 14:59:58,717 INFO org.springframework.data.repository.config.RepositoryConfigurationDelegate [main] Finished Spring Data repository scanning in 7 ms. Found 0 Redis repository interfaces.
2023-04-08 14:59:58,967 INFO org.springframework.cloud.context.scope.GenericScope [main] BeanFactory id=eb2562fa-e5fb-335e-8a8b-f60a3a6bc059
2023-04-08 14:59:59,381 INFO org.springframework.boot.web.embedded.tomcat.TomcatWebServer [main] Tomcat initialized with port(s): 60001 (http)
2023-04-08 14:59:59,388 INFO org.apache.juli.logging.DirectJDKLog [main] Initializing ProtocolHandler ["http-nio-60001"]
2023-04-08 14:59:59,389 INFO org.apache.juli.logging.DirectJDKLog [main] Starting service [Tomcat]
2023-04-08 14:59:59,389 INFO org.apache.juli.logging.DirectJDKLog [main] Starting Servlet engine: [Apache Tomcat/9.0.62]
2023-04-08 14:59:59,552 INFO org.apache.juli.logging.DirectJDKLog [main] Initializing Spring embedded WebApplicationContext
2023-04-08 14:59:59,553 INFO org.springframework.boot.web.servlet.context.ServletWebServerApplicationContext [main] Root WebApplicationContext: initialization completed in 1604 ms
2023-04-08 15:00:01,596 INFO org.springframework.security.web.DefaultSecurityFilterChain [main] Will secure any request with [org.springframework.security.web.context.request.async.WebAsyncManagerIntegrationFilter@7d4b32d1, org.springframework.security.web.context.SecurityContextPersistenceFilter@ea45a5b, org.springframework.security.web.header.HeaderWriterFilter@62732be7, org.springframework.security.web.csrf.CsrfFilter@42150951, org.springframework.security.web.authentication.logout.LogoutFilter@72e1e587, org.springframework.security.web.authentication.www.BasicAuthenticationFilter@2a349a73, org.springframework.security.web.savedrequest.RequestCacheAwareFilter@7a600e21, org.springframework.security.web.servletapi.SecurityContextHolderAwareRequestFilter@69d1ad64, org.springframework.security.web.authentication.AnonymousAuthenticationFilter@7a75183d, org.springframework.security.web.session.SessionManagementFilter@759b05d1, org.springframework.security.web.access.ExceptionTranslationFilter@c02a1be, org.springframework.security.web.access.intercept.FilterSecurityInterceptor@29d29657]
2023-04-08 15:00:03,871 INFO com.alibaba.druid.pool.DruidDataSource [main] {dataSource-0} closing ...
2023-04-08 15:00:03,871 INFO com.alibaba.druid.pool.DruidDataSource [main] {dataSource-0} closing ...
2023-04-08 15:00:03,877 INFO org.apache.juli.logging.DirectJDKLog [main] Stopping service [Tomcat]
2023-04-08 15:00:03,900 INFO org.springframework.boot.autoconfigure.logging.ConditionEvaluationReportLoggingListener [main] 

Error starting ApplicationContext. To display the conditions report re-run your application with 'debug' enabled.
2023-04-08 15:01:03,984 INFO org.springframework.boot.StartupInfoLogger [main] Starting ChoatPlanServiceApplication using Java 1.8.0_321 on DESKTOP-QEIBFNK with PID 16264 (F:\GitCode\choat-plan-service\target\classes started by choat in F:\GitCode\choat-plan-service)
2023-04-08 15:01:03,991 INFO org.springframework.boot.SpringApplication [main] No active profile set, falling back to 1 default profile: "default"
2023-04-08 15:01:04,755 INFO org.springframework.data.repository.config.RepositoryConfigurationDelegate [main] Multiple Spring Data modules found, entering strict repository configuration mode!
2023-04-08 15:01:04,757 INFO org.springframework.data.repository.config.RepositoryConfigurationDelegate [main] Bootstrapping Spring Data Redis repositories in DEFAULT mode.
2023-04-08 15:01:04,776 INFO org.springframework.data.repository.config.RepositoryConfigurationDelegate [main] Finished Spring Data repository scanning in 7 ms. Found 0 Redis repository interfaces.
2023-04-08 15:01:05,019 INFO org.springframework.cloud.context.scope.GenericScope [main] BeanFactory id=eb2562fa-e5fb-335e-8a8b-f60a3a6bc059
2023-04-08 15:01:05,441 INFO org.springframework.boot.web.embedded.tomcat.TomcatWebServer [main] Tomcat initialized with port(s): 60001 (http)
2023-04-08 15:01:05,449 INFO org.apache.juli.logging.DirectJDKLog [main] Initializing ProtocolHandler ["http-nio-60001"]
2023-04-08 15:01:05,450 INFO org.apache.juli.logging.DirectJDKLog [main] Starting service [Tomcat]
2023-04-08 15:01:05,450 INFO org.apache.juli.logging.DirectJDKLog [main] Starting Servlet engine: [Apache Tomcat/9.0.62]
2023-04-08 15:01:05,621 INFO org.apache.juli.logging.DirectJDKLog [main] Initializing Spring embedded WebApplicationContext
2023-04-08 15:01:05,621 INFO org.springframework.boot.web.servlet.context.ServletWebServerApplicationContext [main] Root WebApplicationContext: initialization completed in 1598 ms
2023-04-08 15:01:07,680 INFO org.springframework.security.web.DefaultSecurityFilterChain [main] Will secure any request with [org.springframework.security.web.context.request.async.WebAsyncManagerIntegrationFilter@3e4636c3, org.springframework.security.web.context.SecurityContextPersistenceFilter@2fce8243, org.springframework.security.web.header.HeaderWriterFilter@7bf94e91, org.springframework.security.web.csrf.CsrfFilter@53016c98, org.springframework.security.web.authentication.logout.LogoutFilter@3dad8bde, org.springframework.security.web.authentication.www.BasicAuthenticationFilter@42fd8f2f, org.springframework.security.web.savedrequest.RequestCacheAwareFilter@52fe87e0, org.springframework.security.web.servletapi.SecurityContextHolderAwareRequestFilter@37393dab, org.springframework.security.web.authentication.AnonymousAuthenticationFilter@7b6b466a, org.springframework.security.web.session.SessionManagementFilter@73818435, org.springframework.security.web.access.ExceptionTranslationFilter@1add90e0, org.springframework.security.web.access.intercept.FilterSecurityInterceptor@5e6bbe63]
2023-04-08 15:01:53,018 INFO com.alibaba.druid.pool.DruidDataSource [main] {dataSource-0} closing ...
2023-04-08 15:01:53,018 INFO com.alibaba.druid.pool.DruidDataSource [main] {dataSource-0} closing ...
2023-04-08 15:01:53,022 INFO org.apache.juli.logging.DirectJDKLog [main] Stopping service [Tomcat]
2023-04-08 15:01:53,046 INFO org.springframework.boot.autoconfigure.logging.ConditionEvaluationReportLoggingListener [main] 

Error starting ApplicationContext. To display the conditions report re-run your application with 'debug' enabled.
2023-04-08 15:12:44,053 INFO org.springframework.boot.StartupInfoLogger [main] Starting ChoatPlanServiceApplication using Java 1.8.0_321 on DESKTOP-QEIBFNK with PID 21640 (F:\GitCode\choat-plan-service\target\classes started by choat in F:\GitCode\choat-plan-service)
2023-04-08 15:12:44,060 INFO org.springframework.boot.SpringApplication [main] No active profile set, falling back to 1 default profile: "default"
2023-04-08 15:12:44,832 INFO org.springframework.data.repository.config.RepositoryConfigurationDelegate [main] Multiple Spring Data modules found, entering strict repository configuration mode!
2023-04-08 15:12:44,834 INFO org.springframework.data.repository.config.RepositoryConfigurationDelegate [main] Bootstrapping Spring Data Redis repositories in DEFAULT mode.
2023-04-08 15:12:44,852 INFO org.springframework.data.repository.config.RepositoryConfigurationDelegate [main] Finished Spring Data repository scanning in 7 ms. Found 0 Redis repository interfaces.
2023-04-08 15:12:45,098 INFO org.springframework.cloud.context.scope.GenericScope [main] BeanFactory id=eb2562fa-e5fb-335e-8a8b-f60a3a6bc059
2023-04-08 15:12:45,502 INFO org.springframework.boot.web.embedded.tomcat.TomcatWebServer [main] Tomcat initialized with port(s): 60001 (http)
2023-04-08 15:12:45,510 INFO org.apache.juli.logging.DirectJDKLog [main] Initializing ProtocolHandler ["http-nio-60001"]
2023-04-08 15:12:45,510 INFO org.apache.juli.logging.DirectJDKLog [main] Starting service [Tomcat]
2023-04-08 15:12:45,510 INFO org.apache.juli.logging.DirectJDKLog [main] Starting Servlet engine: [Apache Tomcat/9.0.62]
2023-04-08 15:12:45,671 INFO org.apache.juli.logging.DirectJDKLog [main] Initializing Spring embedded WebApplicationContext
2023-04-08 15:12:45,671 INFO org.springframework.boot.web.servlet.context.ServletWebServerApplicationContext [main] Root WebApplicationContext: initialization completed in 1578 ms
2023-04-08 15:12:47,694 INFO org.springframework.security.web.DefaultSecurityFilterChain [main] Will secure any request with [org.springframework.security.web.context.request.async.WebAsyncManagerIntegrationFilter@39296cef, org.springframework.security.web.context.SecurityContextPersistenceFilter@418bdde9, org.springframework.security.web.header.HeaderWriterFilter@4d84688f, org.springframework.security.web.csrf.CsrfFilter@9a37591, org.springframework.security.web.authentication.logout.LogoutFilter@1fa29b9e, org.springframework.security.web.authentication.www.BasicAuthenticationFilter@62159fd, org.springframework.security.web.savedrequest.RequestCacheAwareFilter@13e0f380, org.springframework.security.web.servletapi.SecurityContextHolderAwareRequestFilter@240df292, org.springframework.security.web.authentication.AnonymousAuthenticationFilter@7dfca9e6, org.springframework.security.web.session.SessionManagementFilter@682fe17b, org.springframework.security.web.access.ExceptionTranslationFilter@1368e2f7, org.springframework.security.web.access.intercept.FilterSecurityInterceptor@41c88e00]
2023-04-08 15:13:12,749 INFO com.alibaba.druid.pool.DruidDataSource [main] {dataSource-0} closing ...
2023-04-08 15:13:12,749 INFO com.alibaba.druid.pool.DruidDataSource [main] {dataSource-0} closing ...
2023-04-08 15:13:12,752 INFO org.apache.juli.logging.DirectJDKLog [main] Stopping service [Tomcat]
2023-04-08 15:13:12,775 INFO org.springframework.boot.autoconfigure.logging.ConditionEvaluationReportLoggingListener [main] 

Error starting ApplicationContext. To display the conditions report re-run your application with 'debug' enabled.
2023-04-08 15:14:33,902 INFO org.springframework.boot.StartupInfoLogger [main] Starting ChoatPlanServiceApplication using Java 1.8.0_321 on DESKTOP-QEIBFNK with PID 6644 (F:\GitCode\choat-plan-service\target\classes started by choat in F:\GitCode\choat-plan-service)
2023-04-08 15:14:33,909 INFO org.springframework.boot.SpringApplication [main] No active profile set, falling back to 1 default profile: "default"
2023-04-08 15:14:34,670 INFO org.springframework.data.repository.config.RepositoryConfigurationDelegate [main] Multiple Spring Data modules found, entering strict repository configuration mode!
2023-04-08 15:14:34,672 INFO org.springframework.data.repository.config.RepositoryConfigurationDelegate [main] Bootstrapping Spring Data Redis repositories in DEFAULT mode.
2023-04-08 15:14:34,689 INFO org.springframework.data.repository.config.RepositoryConfigurationDelegate [main] Finished Spring Data repository scanning in 7 ms. Found 0 Redis repository interfaces.
2023-04-08 15:14:34,932 INFO org.springframework.cloud.context.scope.GenericScope [main] BeanFactory id=84bc8161-825b-368d-9a65-5c1eaeb67a80
2023-04-08 15:14:35,340 INFO org.springframework.boot.web.embedded.tomcat.TomcatWebServer [main] Tomcat initialized with port(s): 60001 (http)
2023-04-08 15:14:35,347 INFO org.apache.juli.logging.DirectJDKLog [main] Initializing ProtocolHandler ["http-nio-60001"]
2023-04-08 15:14:35,348 INFO org.apache.juli.logging.DirectJDKLog [main] Starting service [Tomcat]
2023-04-08 15:14:35,348 INFO org.apache.juli.logging.DirectJDKLog [main] Starting Servlet engine: [Apache Tomcat/9.0.62]
2023-04-08 15:14:35,510 INFO org.apache.juli.logging.DirectJDKLog [main] Initializing Spring embedded WebApplicationContext
2023-04-08 15:14:35,510 INFO org.springframework.boot.web.servlet.context.ServletWebServerApplicationContext [main] Root WebApplicationContext: initialization completed in 1567 ms
2023-04-08 15:14:37,558 INFO org.springframework.security.web.DefaultSecurityFilterChain [main] Will secure any request with [org.springframework.security.web.context.request.async.WebAsyncManagerIntegrationFilter@9a37591, org.springframework.security.web.context.SecurityContextPersistenceFilter@5b80b41d, org.springframework.security.web.header.HeaderWriterFilter@b5d7233, org.springframework.security.web.csrf.CsrfFilter@60c8909a, org.springframework.security.web.authentication.logout.LogoutFilter@5af641d3, org.springframework.security.web.authentication.www.BasicAuthenticationFilter@52dd1be2, org.springframework.security.web.savedrequest.RequestCacheAwareFilter@31dd0e2e, org.springframework.security.web.servletapi.SecurityContextHolderAwareRequestFilter@478fe415, org.springframework.security.web.authentication.AnonymousAuthenticationFilter@749c0669, org.springframework.security.web.session.SessionManagementFilter@47c356e, org.springframework.security.web.access.ExceptionTranslationFilter@32fd5bc, org.springframework.security.web.access.intercept.FilterSecurityInterceptor@af94b0b]
2023-04-08 15:14:39,755 INFO com.alibaba.druid.pool.DruidDataSource [main] {dataSource-0} closing ...
2023-04-08 15:14:39,755 INFO com.alibaba.druid.pool.DruidDataSource [main] {dataSource-0} closing ...
2023-04-08 15:14:39,759 INFO org.apache.juli.logging.DirectJDKLog [main] Stopping service [Tomcat]
2023-04-08 15:14:39,782 INFO org.springframework.boot.autoconfigure.logging.ConditionEvaluationReportLoggingListener [main] 

Error starting ApplicationContext. To display the conditions report re-run your application with 'debug' enabled.
2023-04-08 15:17:50,432 INFO org.springframework.boot.StartupInfoLogger [main] Starting ChoatPlanServiceApplication using Java 1.8.0_321 on DESKTOP-QEIBFNK with PID 22096 (F:\GitCode\choat-plan-service\target\classes started by choat in F:\GitCode\choat-plan-service)
2023-04-08 15:17:50,439 INFO org.springframework.boot.SpringApplication [main] No active profile set, falling back to 1 default profile: "default"
2023-04-08 15:17:51,199 INFO org.springframework.data.repository.config.RepositoryConfigurationDelegate [main] Multiple Spring Data modules found, entering strict repository configuration mode!
2023-04-08 15:17:51,201 INFO org.springframework.data.repository.config.RepositoryConfigurationDelegate [main] Bootstrapping Spring Data Redis repositories in DEFAULT mode.
2023-04-08 15:17:51,219 INFO org.springframework.data.repository.config.RepositoryConfigurationDelegate [main] Finished Spring Data repository scanning in 7 ms. Found 0 Redis repository interfaces.
2023-04-08 15:17:51,461 INFO org.springframework.cloud.context.scope.GenericScope [main] BeanFactory id=84bc8161-825b-368d-9a65-5c1eaeb67a80
2023-04-08 15:17:51,872 INFO org.springframework.boot.web.embedded.tomcat.TomcatWebServer [main] Tomcat initialized with port(s): 60001 (http)
2023-04-08 15:17:51,879 INFO org.apache.juli.logging.DirectJDKLog [main] Initializing ProtocolHandler ["http-nio-60001"]
2023-04-08 15:17:51,879 INFO org.apache.juli.logging.DirectJDKLog [main] Starting service [Tomcat]
2023-04-08 15:17:51,879 INFO org.apache.juli.logging.DirectJDKLog [main] Starting Servlet engine: [Apache Tomcat/9.0.62]
2023-04-08 15:17:52,047 INFO org.apache.juli.logging.DirectJDKLog [main] Initializing Spring embedded WebApplicationContext
2023-04-08 15:17:52,047 INFO org.springframework.boot.web.servlet.context.ServletWebServerApplicationContext [main] Root WebApplicationContext: initialization completed in 1575 ms
2023-04-08 15:17:54,137 INFO org.springframework.security.web.DefaultSecurityFilterChain [main] Will secure any request with [org.springframework.security.web.context.request.async.WebAsyncManagerIntegrationFilter@43549c6c, org.springframework.security.web.context.SecurityContextPersistenceFilter@3539cf45, org.springframework.security.web.header.HeaderWriterFilter@45017263, org.springframework.security.web.csrf.CsrfFilter@7fcbc336, org.springframework.security.web.authentication.logout.LogoutFilter@5e72c82a, org.springframework.security.web.authentication.www.BasicAuthenticationFilter@3225d950, org.springframework.security.web.savedrequest.RequestCacheAwareFilter@556a6320, org.springframework.security.web.servletapi.SecurityContextHolderAwareRequestFilter@45375bdf, org.springframework.security.web.authentication.AnonymousAuthenticationFilter@7792e14f, org.springframework.security.web.session.SessionManagementFilter@6f69e2d8, org.springframework.security.web.access.ExceptionTranslationFilter@68f75a35, org.springframework.security.web.access.intercept.FilterSecurityInterceptor@1368e2f7]
2023-04-08 15:17:56,376 INFO com.alibaba.druid.pool.DruidDataSource [main] {dataSource-0} closing ...
2023-04-08 15:17:56,376 INFO com.alibaba.druid.pool.DruidDataSource [main] {dataSource-0} closing ...
2023-04-08 15:17:56,379 INFO org.apache.juli.logging.DirectJDKLog [main] Stopping service [Tomcat]
2023-04-08 15:17:56,400 INFO org.springframework.boot.autoconfigure.logging.ConditionEvaluationReportLoggingListener [main] 

Error starting ApplicationContext. To display the conditions report re-run your application with 'debug' enabled.
2023-04-08 15:18:25,117 INFO org.springframework.boot.StartupInfoLogger [main] Starting ChoatPlanServiceApplication using Java 1.8.0_321 on DESKTOP-QEIBFNK with PID 17784 (F:\GitCode\choat-plan-service\target\classes started by choat in F:\GitCode\choat-plan-service)
2023-04-08 15:18:25,125 INFO org.springframework.boot.SpringApplication [main] No active profile set, falling back to 1 default profile: "default"
2023-04-08 15:18:25,889 INFO org.springframework.data.repository.config.RepositoryConfigurationDelegate [main] Multiple Spring Data modules found, entering strict repository configuration mode!
2023-04-08 15:18:25,891 INFO org.springframework.data.repository.config.RepositoryConfigurationDelegate [main] Bootstrapping Spring Data Redis repositories in DEFAULT mode.
2023-04-08 15:18:25,908 INFO org.springframework.data.repository.config.RepositoryConfigurationDelegate [main] Finished Spring Data repository scanning in 7 ms. Found 0 Redis repository interfaces.
2023-04-08 15:18:26,154 INFO org.springframework.cloud.context.scope.GenericScope [main] BeanFactory id=84bc8161-825b-368d-9a65-5c1eaeb67a80
2023-04-08 15:18:26,549 INFO org.springframework.boot.web.embedded.tomcat.TomcatWebServer [main] Tomcat initialized with port(s): 60001 (http)
2023-04-08 15:18:26,557 INFO org.apache.juli.logging.DirectJDKLog [main] Initializing ProtocolHandler ["http-nio-60001"]
2023-04-08 15:18:26,557 INFO org.apache.juli.logging.DirectJDKLog [main] Starting service [Tomcat]
2023-04-08 15:18:26,557 INFO org.apache.juli.logging.DirectJDKLog [main] Starting Servlet engine: [Apache Tomcat/9.0.62]
2023-04-08 15:18:26,715 INFO org.apache.juli.logging.DirectJDKLog [main] Initializing Spring embedded WebApplicationContext
2023-04-08 15:18:26,715 INFO org.springframework.boot.web.servlet.context.ServletWebServerApplicationContext [main] Root WebApplicationContext: initialization completed in 1556 ms
2023-04-08 15:18:28,771 INFO org.springframework.security.web.DefaultSecurityFilterChain [main] Will secure any request with [org.springframework.security.web.context.request.async.WebAsyncManagerIntegrationFilter@4769537a, org.springframework.security.web.context.SecurityContextPersistenceFilter@31028e45, org.springframework.security.web.header.HeaderWriterFilter@61503d00, org.springframework.security.web.csrf.CsrfFilter@f0381f0, org.springframework.security.web.authentication.logout.LogoutFilter@64cdc310, org.springframework.security.web.authentication.www.BasicAuthenticationFilter@da11873, org.springframework.security.web.savedrequest.RequestCacheAwareFilter@50e0b472, org.springframework.security.web.servletapi.SecurityContextHolderAwareRequestFilter@45017263, org.springframework.security.web.authentication.AnonymousAuthenticationFilter@4504a4ed, org.springframework.security.web.session.SessionManagementFilter@478fe415, org.springframework.security.web.access.ExceptionTranslationFilter@7fcbc336, org.springframework.security.web.access.intercept.FilterSecurityInterceptor@1ba3c03d]
2023-04-08 15:18:30,921 INFO com.alibaba.druid.pool.DruidDataSource [main] {dataSource-0} closing ...
2023-04-08 15:18:30,921 INFO com.alibaba.druid.pool.DruidDataSource [main] {dataSource-0} closing ...
2023-04-08 15:18:30,924 INFO org.apache.juli.logging.DirectJDKLog [main] Stopping service [Tomcat]
2023-04-08 15:18:30,945 INFO org.springframework.boot.autoconfigure.logging.ConditionEvaluationReportLoggingListener [main] 

Error starting ApplicationContext. To display the conditions report re-run your application with 'debug' enabled.
2023-04-08 15:26:44,686 INFO org.springframework.boot.StartupInfoLogger [main] Starting ChoatPlanServiceApplication using Java 1.8.0_321 on DESKTOP-QEIBFNK with PID 20944 (F:\GitCode\choat-plan-service\target\classes started by choat in F:\GitCode\choat-plan-service)
2023-04-08 15:26:44,693 INFO org.springframework.boot.SpringApplication [main] No active profile set, falling back to 1 default profile: "default"
2023-04-08 15:26:45,276 INFO org.springframework.boot.autoconfigure.logging.ConditionEvaluationReportLoggingListener [main] 

Error starting ApplicationContext. To display the conditions report re-run your application with 'debug' enabled.
2023-04-08 15:27:09,189 INFO org.springframework.boot.StartupInfoLogger [main] Starting ChoatPlanServiceApplication using Java 1.8.0_321 on DESKTOP-QEIBFNK with PID 21324 (F:\GitCode\choat-plan-service\target\classes started by choat in F:\GitCode\choat-plan-service)
2023-04-08 15:27:09,196 INFO org.springframework.boot.SpringApplication [main] No active profile set, falling back to 1 default profile: "default"
2023-04-08 15:27:09,932 INFO org.springframework.data.repository.config.RepositoryConfigurationDelegate [main] Multiple Spring Data modules found, entering strict repository configuration mode!
2023-04-08 15:27:09,934 INFO org.springframework.data.repository.config.RepositoryConfigurationDelegate [main] Bootstrapping Spring Data Redis repositories in DEFAULT mode.
2023-04-08 15:27:09,950 INFO org.springframework.data.repository.config.RepositoryConfigurationDelegate [main] Finished Spring Data repository scanning in 7 ms. Found 0 Redis repository interfaces.
2023-04-08 15:27:10,189 INFO org.springframework.cloud.context.scope.GenericScope [main] BeanFactory id=7a481bff-03fe-3125-b826-c231eb404ea2
2023-04-08 15:27:10,595 INFO org.springframework.boot.web.embedded.tomcat.TomcatWebServer [main] Tomcat initialized with port(s): 60001 (http)
2023-04-08 15:27:10,602 INFO org.apache.juli.logging.DirectJDKLog [main] Initializing ProtocolHandler ["http-nio-60001"]
2023-04-08 15:27:10,602 INFO org.apache.juli.logging.DirectJDKLog [main] Starting service [Tomcat]
2023-04-08 15:27:10,603 INFO org.apache.juli.logging.DirectJDKLog [main] Starting Servlet engine: [Apache Tomcat/9.0.62]
2023-04-08 15:27:10,758 INFO org.apache.juli.logging.DirectJDKLog [main] Initializing Spring embedded WebApplicationContext
2023-04-08 15:27:10,758 INFO org.springframework.boot.web.servlet.context.ServletWebServerApplicationContext [main] Root WebApplicationContext: initialization completed in 1530 ms
2023-04-08 15:27:10,985 INFO org.apache.juli.logging.DirectJDKLog [main] Stopping service [Tomcat]
2023-04-08 15:27:11,021 INFO org.springframework.boot.autoconfigure.logging.ConditionEvaluationReportLoggingListener [main] 

Error starting ApplicationContext. To display the conditions report re-run your application with 'debug' enabled.
2023-04-08 15:28:41,995 INFO org.springframework.boot.StartupInfoLogger [main] Starting ChoatPlanServiceApplication using Java 1.8.0_321 on DESKTOP-QEIBFNK with PID 21724 (F:\GitCode\choat-plan-service\target\classes started by choat in F:\GitCode\choat-plan-service)
2023-04-08 15:28:42,003 INFO org.springframework.boot.SpringApplication [main] No active profile set, falling back to 1 default profile: "default"
2023-04-08 15:28:42,751 INFO org.springframework.data.repository.config.RepositoryConfigurationDelegate [main] Multiple Spring Data modules found, entering strict repository configuration mode!
2023-04-08 15:28:42,752 INFO org.springframework.data.repository.config.RepositoryConfigurationDelegate [main] Bootstrapping Spring Data Redis repositories in DEFAULT mode.
2023-04-08 15:28:42,771 INFO org.springframework.data.repository.config.RepositoryConfigurationDelegate [main] Finished Spring Data repository scanning in 8 ms. Found 0 Redis repository interfaces.
2023-04-08 15:28:43,022 INFO org.springframework.cloud.context.scope.GenericScope [main] BeanFactory id=13ec81ca-ac73-30b4-ab60-f87ca39fd32f
2023-04-08 15:28:43,426 INFO org.springframework.boot.web.embedded.tomcat.TomcatWebServer [main] Tomcat initialized with port(s): 60001 (http)
2023-04-08 15:28:43,434 INFO org.apache.juli.logging.DirectJDKLog [main] Initializing ProtocolHandler ["http-nio-60001"]
2023-04-08 15:28:43,434 INFO org.apache.juli.logging.DirectJDKLog [main] Starting service [Tomcat]
2023-04-08 15:28:43,434 INFO org.apache.juli.logging.DirectJDKLog [main] Starting Servlet engine: [Apache Tomcat/9.0.62]
2023-04-08 15:28:43,591 INFO org.apache.juli.logging.DirectJDKLog [main] Initializing Spring embedded WebApplicationContext
2023-04-08 15:28:43,592 INFO org.springframework.boot.web.servlet.context.ServletWebServerApplicationContext [main] Root WebApplicationContext: initialization completed in 1558 ms
2023-04-08 15:28:43,841 INFO org.apache.juli.logging.DirectJDKLog [main] Stopping service [Tomcat]
2023-04-08 15:28:43,881 INFO org.springframework.boot.autoconfigure.logging.ConditionEvaluationReportLoggingListener [main] 

Error starting ApplicationContext. To display the conditions report re-run your application with 'debug' enabled.
2023-04-08 15:29:32,278 INFO org.springframework.boot.StartupInfoLogger [main] Starting ChoatPlanServiceApplication using Java 1.8.0_321 on DESKTOP-QEIBFNK with PID 19916 (F:\GitCode\choat-plan-service\target\classes started by choat in F:\GitCode\choat-plan-service)
2023-04-08 15:29:32,285 INFO org.springframework.boot.SpringApplication [main] No active profile set, falling back to 1 default profile: "default"
2023-04-08 15:29:33,046 INFO org.springframework.data.repository.config.RepositoryConfigurationDelegate [main] Multiple Spring Data modules found, entering strict repository configuration mode!
2023-04-08 15:29:33,048 INFO org.springframework.data.repository.config.RepositoryConfigurationDelegate [main] Bootstrapping Spring Data Redis repositories in DEFAULT mode.
2023-04-08 15:29:33,066 INFO org.springframework.data.repository.config.RepositoryConfigurationDelegate [main] Finished Spring Data repository scanning in 8 ms. Found 0 Redis repository interfaces.
2023-04-08 15:29:33,305 INFO org.springframework.cloud.context.scope.GenericScope [main] BeanFactory id=13ec81ca-ac73-30b4-ab60-f87ca39fd32f
2023-04-08 15:29:33,698 INFO org.springframework.boot.web.embedded.tomcat.TomcatWebServer [main] Tomcat initialized with port(s): 60001 (http)
2023-04-08 15:29:33,706 INFO org.apache.juli.logging.DirectJDKLog [main] Initializing ProtocolHandler ["http-nio-60001"]
2023-04-08 15:29:33,706 INFO org.apache.juli.logging.DirectJDKLog [main] Starting service [Tomcat]
2023-04-08 15:29:33,706 INFO org.apache.juli.logging.DirectJDKLog [main] Starting Servlet engine: [Apache Tomcat/9.0.62]
2023-04-08 15:29:33,866 INFO org.apache.juli.logging.DirectJDKLog [main] Initializing Spring embedded WebApplicationContext
2023-04-08 15:29:33,866 INFO org.springframework.boot.web.servlet.context.ServletWebServerApplicationContext [main] Root WebApplicationContext: initialization completed in 1550 ms
2023-04-08 15:29:35,932 INFO org.springframework.security.web.DefaultSecurityFilterChain [main] Will secure any request with [org.springframework.security.web.context.request.async.WebAsyncManagerIntegrationFilter@5a010eec, org.springframework.security.web.context.SecurityContextPersistenceFilter@7dbbf730, org.springframework.security.web.header.HeaderWriterFilter@4b7c0f39, org.springframework.security.web.csrf.CsrfFilter@3e24bab6, org.springframework.security.web.authentication.logout.LogoutFilter@57fec63f, org.springframework.security.web.authentication.www.BasicAuthenticationFilter@22ed2886, org.springframework.security.web.savedrequest.RequestCacheAwareFilter@299dd381, org.springframework.security.web.servletapi.SecurityContextHolderAwareRequestFilter@34d3409d, org.springframework.security.web.authentication.AnonymousAuthenticationFilter@623ded82, org.springframework.security.web.session.SessionManagementFilter@5f81507a, org.springframework.security.web.access.ExceptionTranslationFilter@4419cd6e, org.springframework.security.web.access.intercept.FilterSecurityInterceptor@4e1104f4]
2023-04-08 15:29:36,966 INFO org.springframework.cloud.netflix.eureka.config.DiscoveryClientOptionalArgsConfiguration [main] Eureka HTTP Client uses RestTemplate.
2023-04-08 15:29:37,329 INFO org.springframework.cloud.netflix.eureka.InstanceInfoFactory [main] Setting initial instance status as: STARTING
2023-04-08 15:29:37,374 INFO com.netflix.discovery.DiscoveryClient [main] Initializing Eureka in region us-east-1
2023-04-08 15:29:37,382 INFO com.netflix.discovery.shared.resolver.aws.ConfigClusterResolver [main] Resolving eureka endpoints via configuration
2023-04-08 15:29:37,414 INFO com.netflix.discovery.DiscoveryClient [main] Disable delta property : false
2023-04-08 15:29:37,414 INFO com.netflix.discovery.DiscoveryClient [main] Single vip registry refresh property : null
2023-04-08 15:29:37,414 INFO com.netflix.discovery.DiscoveryClient [main] Force full registry fetch : false
2023-04-08 15:29:37,415 INFO com.netflix.discovery.DiscoveryClient [main] Application is null : false
2023-04-08 15:29:37,415 INFO com.netflix.discovery.DiscoveryClient [main] Registered Applications size is zero : true
2023-04-08 15:29:37,415 INFO com.netflix.discovery.DiscoveryClient [main] Application version is -1: true
2023-04-08 15:29:37,415 INFO com.netflix.discovery.DiscoveryClient [main] Getting all instance registry info from the eureka server
2023-04-08 15:29:37,973 INFO com.netflix.discovery.DiscoveryClient [main] The response status is 200
2023-04-08 15:29:37,975 INFO com.netflix.discovery.DiscoveryClient [main] Starting heartbeat executor: renew interval is: 30
2023-04-08 15:29:37,976 INFO com.netflix.discovery.InstanceInfoReplicator [main] InstanceInfoReplicator onDemand update allowed rate per min is 4
2023-04-08 15:29:37,980 INFO com.netflix.discovery.DiscoveryClient [main] Discovery Client initialized at timestamp 1680938977979 with initial instances count: 1
2023-04-08 15:29:37,981 INFO org.springframework.cloud.netflix.eureka.serviceregistry.EurekaServiceRegistry [main] Registering application CHOAT-PLAN-SERVICE with eureka with status UP
2023-04-08 15:29:37,982 INFO com.netflix.discovery.DiscoveryClient$3 [main] Saw local status change event StatusChangeEvent [timestamp=1680938977982, current=UP, previous=STARTING]
2023-04-08 15:29:37,983 INFO org.apache.juli.logging.DirectJDKLog [main] Starting ProtocolHandler ["http-nio-60001"]
2023-04-08 15:29:37,984 INFO com.netflix.discovery.DiscoveryClient [DiscoveryClient-InstanceInfoReplicator-0] DiscoveryClient_CHOAT-PLAN-SERVICE/DESKTOP-QEIBFNK:choat-plan-service:60001: registering service...
2023-04-08 15:29:38,013 INFO org.springframework.boot.web.embedded.tomcat.TomcatWebServer [main] Tomcat started on port(s): 60001 (http) with context path ''
2023-04-08 15:29:38,014 INFO org.springframework.cloud.netflix.eureka.serviceregistry.EurekaAutoServiceRegistration [main] Updating port to 60001
2023-04-08 15:29:38,091 INFO com.netflix.discovery.DiscoveryClient [DiscoveryClient-InstanceInfoReplicator-0] DiscoveryClient_CHOAT-PLAN-SERVICE/DESKTOP-QEIBFNK:choat-plan-service:60001 - registration status: 204
2023-04-08 15:29:38,396 INFO org.springframework.scheduling.annotation.ScheduledAnnotationBeanPostProcessor [main] No TaskScheduler/ScheduledExecutorService bean found for scheduled processing
2023-04-08 15:29:38,404 INFO org.springframework.boot.StartupInfoLogger [main] Started ChoatPlanServiceApplication in 6.844 seconds (JVM running for 7.493)
2023-04-08 15:30:11,389 INFO org.apache.juli.logging.DirectJDKLog [http-nio-60001-exec-1] Initializing Spring DispatcherServlet 'dispatcherServlet'
2023-04-08 15:30:11,389 INFO org.springframework.web.servlet.FrameworkServlet [http-nio-60001-exec-1] Initializing Servlet 'dispatcherServlet'
2023-04-08 15:30:11,392 INFO org.springframework.web.servlet.FrameworkServlet [http-nio-60001-exec-1] Completed initialization in 2 ms
2023-04-08 15:34:37,422 INFO com.netflix.discovery.shared.resolver.aws.ConfigClusterResolver [AsyncResolver-bootstrap-executor-0] Resolving eureka endpoints via configuration
2023-04-08 15:39:37,431 INFO com.netflix.discovery.shared.resolver.aws.ConfigClusterResolver [AsyncResolver-bootstrap-executor-0] Resolving eureka endpoints via configuration
2023-04-08 15:44:24,597 INFO org.springframework.cloud.netflix.eureka.serviceregistry.EurekaServiceRegistry [SpringApplicationShutdownHook] Unregistering application CHOAT-PLAN-SERVICE with eureka with status DOWN
2023-04-08 15:44:24,597 INFO com.netflix.discovery.DiscoveryClient$3 [SpringApplicationShutdownHook] Saw local status change event StatusChangeEvent [timestamp=1680939864597, current=DOWN, previous=UP]
2023-04-08 15:44:24,599 INFO com.netflix.discovery.DiscoveryClient [DiscoveryClient-InstanceInfoReplicator-0] DiscoveryClient_CHOAT-PLAN-SERVICE/DESKTOP-QEIBFNK:choat-plan-service:60001: registering service...
2023-04-08 15:44:24,616 INFO com.netflix.discovery.DiscoveryClient [DiscoveryClient-InstanceInfoReplicator-0] DiscoveryClient_CHOAT-PLAN-SERVICE/DESKTOP-QEIBFNK:choat-plan-service:60001 - registration status: 204
2023-04-08 15:44:24,705 INFO com.alibaba.druid.pool.DruidDataSource [SpringApplicationShutdownHook] {dataSource-0} closing ...
2023-04-08 15:44:24,706 INFO com.alibaba.druid.pool.DruidDataSource [SpringApplicationShutdownHook] {dataSource-0} closing ...
2023-04-08 15:44:24,709 INFO com.netflix.discovery.DiscoveryClient [SpringApplicationShutdownHook] Shutting down DiscoveryClient ...
2023-04-08 15:44:27,716 INFO com.netflix.discovery.DiscoveryClient [SpringApplicationShutdownHook] Unregistering ...
2023-04-08 15:44:27,732 INFO com.netflix.discovery.DiscoveryClient [SpringApplicationShutdownHook] DiscoveryClient_CHOAT-PLAN-SERVICE/DESKTOP-QEIBFNK:choat-plan-service:60001 - deregister  status: 200
2023-04-08 15:44:27,736 INFO com.netflix.discovery.DiscoveryClient [SpringApplicationShutdownHook] Completed shut down of DiscoveryClient
