2023-04-08 14:27:10,429 WARN org.apache.juli.logging.DirectJDKLog [main] The web application [ROOT] appears to have started a thread named [Log4j2-TF-5-RollingFileManager-4] but has failed to stop it. This is very likely to create a memory leak. Stack trace of thread:
 java.util.zip.Deflater.deflateBytes(Native Method)
 java.util.zip.Deflater.deflate(Deflater.java:444)
 java.util.zip.Deflater.deflate(Deflater.java:366)
 java.util.zip.DeflaterOutputStream.deflate(DeflaterOutputStream.java:251)
 java.util.zip.DeflaterOutputStream.write(DeflaterOutputStream.java:211)
 java.util.zip.GZIPOutputStream.write(GZIPOutputStream.java:145)
 java.io.BufferedOutputStream.write(BufferedOutputStream.java:122)
 org.apache.logging.log4j.core.appender.rolling.action.GzCompressAction.execute(GzCompressAction.java:145)
 org.apache.logging.log4j.core.appender.rolling.action.GzCompressAction.execute(GzCompressAction.java:97)
 org.apache.logging.log4j.core.appender.rolling.RollingFileManager$AsyncAction.execute(RollingFileManager.java:561)
 org.apache.logging.log4j.core.appender.rolling.action.AbstractAction.run(AbstractAction.java:66)
 java.util.concurrent.ThreadPoolExecutor.runWorker(ThreadPoolExecutor.java:1149)
 java.util.concurrent.ThreadPoolExecutor$Worker.run(ThreadPoolExecutor.java:624)
 java.lang.Thread.run(Thread.java:750)
2023-04-08 14:27:10,431 WARN org.apache.juli.logging.DirectJDKLog [main] The web application [ROOT] appears to have started a thread named [Log4j2-TF-6-RollingFileManager-5] but has failed to stop it. This is very likely to create a memory leak. Stack trace of thread:
 java.util.zip.Deflater.deflateBytes(Native Method)
 java.util.zip.Deflater.deflate(Deflater.java:444)
 java.util.zip.Deflater.deflate(Deflater.java:366)
 java.util.zip.DeflaterOutputStream.deflate(DeflaterOutputStream.java:251)
 java.util.zip.DeflaterOutputStream.write(DeflaterOutputStream.java:211)
 java.util.zip.GZIPOutputStream.write(GZIPOutputStream.java:145)
 java.io.BufferedOutputStream.write(BufferedOutputStream.java:122)
 org.apache.logging.log4j.core.appender.rolling.action.GzCompressAction.execute(GzCompressAction.java:145)
 org.apache.logging.log4j.core.appender.rolling.action.GzCompressAction.execute(GzCompressAction.java:97)
 org.apache.logging.log4j.core.appender.rolling.RollingFileManager$AsyncAction.execute(RollingFileManager.java:561)
 org.apache.logging.log4j.core.appender.rolling.action.AbstractAction.run(AbstractAction.java:66)
 java.util.concurrent.ThreadPoolExecutor.runWorker(ThreadPoolExecutor.java:1149)
 java.util.concurrent.ThreadPoolExecutor$Worker.run(ThreadPoolExecutor.java:624)
 java.lang.Thread.run(Thread.java:750)
2023-04-08 14:27:10,434 WARN org.springframework.context.support.AbstractApplicationContext [main] Exception encountered during context initialization - cancelling refresh attempt: org.springframework.context.ApplicationContextException: Unable to start web server; nested exception is org.springframework.boot.web.server.WebServerException: Unable to start embedded Tomcat
2023-04-08 14:47:23,519 WARN org.springframework.context.support.AbstractApplicationContext [main] Exception encountered during context initialization - cancelling refresh attempt: org.springframework.context.ApplicationContextException: Unable to start web server; nested exception is org.springframework.boot.web.server.WebServerException: Unable to start embedded Tomcat
2023-04-08 14:48:58,586 WARN com.github.xiaoymin.knife4j.spring.extension.OpenApiExtensionResolver [main] (Ignores) Failed to read Markdown files,Error Message:class path resource [wiki/] cannot be resolved to URL because it does not exist 
2023-04-08 14:48:58,587 WARN com.github.xiaoymin.knife4j.spring.extension.OpenApiExtensionResolver [main] (Ignores) Failed to read CustomeHomeLocation Markdown files,Error Message:class path resource [wiki/README.md] cannot be opened because it does not exist 
2023-04-08 14:49:01,675 WARN org.springframework.context.support.AbstractApplicationContext [main] Exception encountered during context initialization - cancelling refresh attempt: org.springframework.beans.factory.BeanCreationException: Error creating bean with name 'enableRedisKeyspaceNotificationsInitializer' defined in class path resource [org/springframework/session/data/redis/config/annotation/web/http/RedisHttpSessionConfiguration.class]: Invocation of init method failed; nested exception is org.springframework.data.redis.RedisConnectionFailureException: Cannot get Jedis connection; nested exception is redis.clients.jedis.exceptions.JedisConnectionException: Could not get a resource from the pool
2023-04-08 14:51:53,100 WARN com.github.xiaoymin.knife4j.spring.extension.OpenApiExtensionResolver [main] (Ignores) Failed to read Markdown files,Error Message:class path resource [wiki/] cannot be resolved to URL because it does not exist 
2023-04-08 14:51:53,101 WARN com.github.xiaoymin.knife4j.spring.extension.OpenApiExtensionResolver [main] (Ignores) Failed to read CustomeHomeLocation Markdown files,Error Message:class path resource [wiki/README.md] cannot be opened because it does not exist 
2023-04-08 14:51:56,407 WARN org.springframework.context.support.AbstractApplicationContext [main] Exception encountered during context initialization - cancelling refresh attempt: org.springframework.beans.factory.BeanCreationException: Error creating bean with name 'enableRedisKeyspaceNotificationsInitializer' defined in class path resource [org/springframework/session/data/redis/config/annotation/web/http/RedisHttpSessionConfiguration.class]: Invocation of init method failed; nested exception is org.springframework.data.redis.RedisConnectionFailureException: Cannot get Jedis connection; nested exception is redis.clients.jedis.exceptions.JedisConnectionException: Could not get a resource from the pool
2023-04-08 15:00:00,565 WARN com.github.xiaoymin.knife4j.spring.extension.OpenApiExtensionResolver [main] (Ignores) Failed to read Markdown files,Error Message:class path resource [wiki/] cannot be resolved to URL because it does not exist 
2023-04-08 15:00:00,567 WARN com.github.xiaoymin.knife4j.spring.extension.OpenApiExtensionResolver [main] (Ignores) Failed to read CustomeHomeLocation Markdown files,Error Message:class path resource [wiki/README.md] cannot be opened because it does not exist 
2023-04-08 15:00:03,868 WARN org.springframework.context.support.AbstractApplicationContext [main] Exception encountered during context initialization - cancelling refresh attempt: org.springframework.beans.factory.BeanCreationException: Error creating bean with name 'enableRedisKeyspaceNotificationsInitializer' defined in class path resource [org/springframework/session/data/redis/config/annotation/web/http/RedisHttpSessionConfiguration.class]: Invocation of init method failed; nested exception is org.springframework.data.redis.RedisConnectionFailureException: Cannot get Jedis connection; nested exception is redis.clients.jedis.exceptions.JedisConnectionException: Could not get a resource from the pool
2023-04-08 15:01:06,549 WARN com.github.xiaoymin.knife4j.spring.extension.OpenApiExtensionResolver [main] (Ignores) Failed to read Markdown files,Error Message:class path resource [wiki/] cannot be resolved to URL because it does not exist 
2023-04-08 15:01:06,550 WARN com.github.xiaoymin.knife4j.spring.extension.OpenApiExtensionResolver [main] (Ignores) Failed to read CustomeHomeLocation Markdown files,Error Message:class path resource [wiki/README.md] cannot be opened because it does not exist 
2023-04-08 15:01:53,016 WARN org.springframework.context.support.AbstractApplicationContext [main] Exception encountered during context initialization - cancelling refresh attempt: org.springframework.beans.factory.BeanCreationException: Error creating bean with name 'enableRedisKeyspaceNotificationsInitializer' defined in class path resource [org/springframework/session/data/redis/config/annotation/web/http/RedisHttpSessionConfiguration.class]: Invocation of init method failed; nested exception is org.springframework.data.redis.RedisConnectionFailureException: Cannot get Jedis connection; nested exception is redis.clients.jedis.exceptions.JedisConnectionException: Could not get a resource from the pool
2023-04-08 15:12:46,718 WARN com.github.xiaoymin.knife4j.spring.extension.OpenApiExtensionResolver [main] (Ignores) Failed to read Markdown files,Error Message:class path resource [wiki/] cannot be resolved to URL because it does not exist 
2023-04-08 15:12:46,719 WARN com.github.xiaoymin.knife4j.spring.extension.OpenApiExtensionResolver [main] (Ignores) Failed to read CustomeHomeLocation Markdown files,Error Message:class path resource [wiki/README.md] cannot be opened because it does not exist 
2023-04-08 15:13:12,746 WARN org.springframework.context.support.AbstractApplicationContext [main] Exception encountered during context initialization - cancelling refresh attempt: org.springframework.beans.factory.BeanCreationException: Error creating bean with name 'enableRedisKeyspaceNotificationsInitializer' defined in class path resource [org/springframework/session/data/redis/config/annotation/web/http/RedisHttpSessionConfiguration.class]: Invocation of init method failed; nested exception is org.springframework.data.redis.RedisConnectionFailureException: Cannot get Jedis connection; nested exception is redis.clients.jedis.exceptions.JedisConnectionException: Could not get a resource from the pool
2023-04-08 15:14:36,587 WARN com.github.xiaoymin.knife4j.spring.extension.OpenApiExtensionResolver [main] (Ignores) Failed to read Markdown files,Error Message:class path resource [wiki/] cannot be resolved to URL because it does not exist 
2023-04-08 15:14:36,588 WARN com.github.xiaoymin.knife4j.spring.extension.OpenApiExtensionResolver [main] (Ignores) Failed to read CustomeHomeLocation Markdown files,Error Message:class path resource [wiki/README.md] cannot be opened because it does not exist 
2023-04-08 15:14:39,751 WARN org.springframework.context.support.AbstractApplicationContext [main] Exception encountered during context initialization - cancelling refresh attempt: org.springframework.beans.factory.BeanCreationException: Error creating bean with name 'enableRedisKeyspaceNotificationsInitializer' defined in class path resource [org/springframework/session/data/redis/config/annotation/web/http/RedisHttpSessionConfiguration.class]: Invocation of init method failed; nested exception is org.springframework.data.redis.RedisConnectionFailureException: Cannot get Jedis connection; nested exception is redis.clients.jedis.exceptions.JedisConnectionException: Could not get a resource from the pool
2023-04-08 15:17:53,156 WARN com.github.xiaoymin.knife4j.spring.extension.OpenApiExtensionResolver [main] (Ignores) Failed to read Markdown files,Error Message:class path resource [wiki/] cannot be resolved to URL because it does not exist 
2023-04-08 15:17:53,156 WARN com.github.xiaoymin.knife4j.spring.extension.OpenApiExtensionResolver [main] (Ignores) Failed to read CustomeHomeLocation Markdown files,Error Message:class path resource [wiki/README.md] cannot be opened because it does not exist 
2023-04-08 15:17:56,372 WARN org.springframework.context.support.AbstractApplicationContext [main] Exception encountered during context initialization - cancelling refresh attempt: org.springframework.beans.factory.BeanCreationException: Error creating bean with name 'enableRedisKeyspaceNotificationsInitializer' defined in class path resource [org/springframework/session/data/redis/config/annotation/web/http/RedisHttpSessionConfiguration.class]: Invocation of init method failed; nested exception is org.springframework.data.redis.RedisConnectionFailureException: Cannot get Jedis connection; nested exception is redis.clients.jedis.exceptions.JedisConnectionException: Could not get a resource from the pool
2023-04-08 15:18:27,837 WARN com.github.xiaoymin.knife4j.spring.extension.OpenApiExtensionResolver [main] (Ignores) Failed to read Markdown files,Error Message:class path resource [wiki/] cannot be resolved to URL because it does not exist 
2023-04-08 15:18:27,838 WARN com.github.xiaoymin.knife4j.spring.extension.OpenApiExtensionResolver [main] (Ignores) Failed to read CustomeHomeLocation Markdown files,Error Message:class path resource [wiki/README.md] cannot be opened because it does not exist 
2023-04-08 15:18:30,917 WARN org.springframework.context.support.AbstractApplicationContext [main] Exception encountered during context initialization - cancelling refresh attempt: org.springframework.beans.factory.BeanCreationException: Error creating bean with name 'enableRedisKeyspaceNotificationsInitializer' defined in class path resource [org/springframework/session/data/redis/config/annotation/web/http/RedisHttpSessionConfiguration.class]: Invocation of init method failed; nested exception is org.springframework.data.redis.RedisConnectionFailureException: Cannot get Jedis connection; nested exception is redis.clients.jedis.exceptions.JedisConnectionException: Could not get a resource from the pool
2023-04-08 15:26:45,269 WARN org.springframework.context.support.AbstractApplicationContext [main] Exception encountered during context initialization - cancelling refresh attempt: org.springframework.beans.factory.support.BeanDefinitionOverrideException: Invalid bean definition with name 'redisTemplate' defined in class path resource [com/choat/plan/config/RedisConfig.class]: Cannot register bean definition [Root bean: class [null]; scope=; abstract=false; lazyInit=null; autowireMode=3; dependencyCheck=0; autowireCandidate=true; primary=false; factoryBeanName=redisConfig; factoryMethodName=redisTemplate; initMethodName=null; destroyMethodName=(inferred); defined in class path resource [com/choat/plan/config/RedisConfig.class]] for bean 'redisTemplate': There is already [Root bean: class [null]; scope=; abstract=false; lazyInit=null; autowireMode=3; dependencyCheck=0; autowireCandidate=true; primary=false; factoryBeanName=jedisRedisConfig; factoryMethodName=redisTemplate; initMethodName=null; destroyMethodName=(inferred); defined in class path resource [com/choat/plan/config/JedisRedisConfig.class]] bound.
2023-04-08 15:27:11,010 WARN org.springframework.context.support.AbstractApplicationContext [main] Exception encountered during context initialization - cancelling refresh attempt: org.springframework.context.ApplicationContextException: Unable to start web server; nested exception is org.springframework.boot.web.server.WebServerException: Unable to start embedded Tomcat
2023-04-08 15:28:43,869 WARN org.springframework.context.support.AbstractApplicationContext [main] Exception encountered during context initialization - cancelling refresh attempt: org.springframework.context.ApplicationContextException: Unable to start web server; nested exception is org.springframework.boot.web.server.WebServerException: Unable to start embedded Tomcat
2023-04-08 15:29:34,872 WARN com.github.xiaoymin.knife4j.spring.extension.OpenApiExtensionResolver [main] (Ignores) Failed to read Markdown files,Error Message:class path resource [wiki/] cannot be resolved to URL because it does not exist 
2023-04-08 15:29:34,872 WARN com.github.xiaoymin.knife4j.spring.extension.OpenApiExtensionResolver [main] (Ignores) Failed to read CustomeHomeLocation Markdown files,Error Message:class path resource [wiki/README.md] cannot be opened because it does not exist 
2023-04-08 15:29:37,246 WARN org.springframework.cloud.loadbalancer.config.LoadBalancerCacheAutoConfiguration$LoadBalancerCaffeineWarnLogger [main] Spring Cloud LoadBalancer is currently working with the default cache. While this cache implementation is useful for development and tests, it's recommended to use Caffeine cache in production.You can switch to using Caffeine cache, by adding it and org.springframework.cache.caffeine.CaffeineCacheManager to the classpath.
2023-04-08 15:31:22,911 WARN org.springframework.web.servlet.handler.AbstractHandlerExceptionResolver [http-nio-60001-exec-3] Resolved [org.springframework.web.bind.MissingServletRequestParameterException: Required request parameter 'userId' for method parameter type Long is not present]
